Support for Android x86 targets will be removed in the next stable release after 3.27. See https://github.com/flutter/flutter/issues/157543 for details.
Running Gradle task 'assembleDebug'...                          
lib/screens/caregiver/caregiver_dashboard.dart:25:25: Error: Member not found: 'NotificationService.registerToken'.
    NotificationService.registerToken();
                        ^^^^^^^^^^^^^
lib/screens/caregiver/caregiver_dashboard.dart:163:50: Error: Member not found: 'NotificationService.registerToken'.
            onPressed: () => NotificationService.registerToken(),
                                                 ^^^^^^^^^^^^^
Target kernel_snapshot_program failed: Exception


FAILURE: Build failed with an exception.

* What went wrong:
Execution failed for task ':app:compileFlutterBuildDebug'.
> Process 'command 'C:\Users\harik\flutter\bin\flutter.bat'' finished with non-zero exit value 1

* Try:
> Run with --stacktrace option to get the stack trace.
> Run with --info or --debug option to get more log output.
> Run with --scan to get full insights.
> Get more help at https://help.gradle.org.

BUILD FAILED in 23s
Running Gradle task 'assembleDebug'...                             23.9s
Gradle task assembleDebug failed with exit code 1
